  sample.cpp
C:\Users\buist\Documents\Repositories\solar-sim\Final Project\sample.cpp(191,35): warning C4305: 'initializing': truncation from 'double' to 'float'
C:\Users\buist\Documents\Repositories\solar-sim\Final Project\sample.cpp(192,33): warning C4305: 'initializing': truncation from 'double' to 'float'
C:\Users\buist\Documents\Repositories\solar-sim\Final Project\sample.cpp(193,33): warning C4305: 'initializing': truncation from 'double' to 'float'
C:\Users\buist\Documents\Repositories\solar-sim\Final Project\sample.cpp(194,32): warning C4305: 'initializing': truncation from 'double' to 'float'
C:\Users\buist\Documents\Repositories\solar-sim\Final Project\sample.cpp(195,35): warning C4305: 'initializing': truncation from 'double' to 'float'
C:\Users\buist\Documents\Repositories\solar-sim\Final Project\sample.cpp(197,35): warning C4305: 'initializing': truncation from 'double' to 'float'
C:\Users\buist\Documents\Repositories\solar-sim\Final Project\sample.cpp(198,36): warning C4305: 'initializing': truncation from 'double' to 'float'
C:\Users\buist\Documents\Repositories\solar-sim\Final Project\sample.cpp(1008,29): warning C4305: 'initializing': truncation from 'double' to 'float'
C:\Users\buist\Documents\Repositories\solar-sim\Final Project\sample.cpp(1009,27): warning C4305: 'initializing': truncation from 'double' to 'float'
C:\Users\buist\Documents\Repositories\solar-sim\Final Project\sample.cpp(1010,27): warning C4305: 'initializing': truncation from 'double' to 'float'
C:\Users\buist\Documents\Repositories\solar-sim\Final Project\sample.cpp(1011,26): warning C4305: 'initializing': truncation from 'double' to 'float'
C:\Users\buist\Documents\Repositories\solar-sim\Final Project\sample.cpp(1012,29): warning C4305: 'initializing': truncation from 'double' to 'float'
C:\Users\buist\Documents\Repositories\solar-sim\Final Project\sample.cpp(1013,28): warning C4305: 'initializing': truncation from 'double' to 'float'
C:\Users\buist\Documents\Repositories\solar-sim\Final Project\sample.cpp(1014,28): warning C4305: 'initializing': truncation from 'double' to 'float'
C:\Users\buist\Documents\Repositories\solar-sim\Final Project\sample.cpp(1015,29): warning C4305: 'initializing': truncation from 'double' to 'float'
C:\Users\buist\Documents\Repositories\solar-sim\Final Project\sample.cpp(1821,13): warning C4244: 'initializing': conversion from 'double' to 'float', possible loss of data
C:\Users\buist\Documents\Repositories\solar-sim\Final Project\sample.cpp(1828,14): warning C4244: 'initializing': conversion from 'double' to 'float', possible loss of data
C:\Users\buist\Documents\Repositories\solar-sim\Final Project\sample.cpp(1838,29): warning C4244: '=': conversion from 'double' to 'float', possible loss of data
C:\Users\buist\Documents\Repositories\solar-sim\Final Project\sample.cpp(1839,29): warning C4244: '=': conversion from 'double' to 'float', possible loss of data
C:\Users\buist\Documents\Repositories\solar-sim\Final Project\sample.cpp(1858,13): warning C4244: 'initializing': conversion from 'double' to 'float', possible loss of data
C:\Users\buist\Documents\Repositories\solar-sim\Final Project\sample.cpp(1859,24): warning C4244: '=': conversion from 'double' to 'float', possible loss of data
C:\Users\buist\Documents\Repositories\solar-sim\Final Project\sample.cpp(1871,13): warning C4244: 'initializing': conversion from 'double' to 'float', possible loss of data
C:\Users\buist\Documents\Repositories\solar-sim\Final Project\sample.cpp(1872,24): warning C4244: '=': conversion from 'double' to 'float', possible loss of data
C:\Users\buist\Documents\Repositories\solar-sim\Final Project\sample.cpp(1956,22): warning C4244: 'initializing': conversion from 'double' to 'float', possible loss of data
C:\Users\buist\Documents\Repositories\solar-sim\Final Project\sample.cpp(1957,18): warning C4244: 'initializing': conversion from 'float' to 'int', possible loss of data
C:\Users\buist\Documents\Repositories\solar-sim\Final Project\sample.cpp(1960,25): warning C4244: 'initializing': conversion from 'double' to 'float', possible loss of data
C:\Users\buist\Documents\Repositories\solar-sim\Final Project\sample.cpp(1968,38): warning C4305: 'initializing': truncation from 'double' to 'float'
C:\Users\buist\Documents\Repositories\solar-sim\Final Project\sample.cpp(1975,56): warning C4244: 'argument': conversion from 'double' to 'GLfloat', possible loss of data
C:\Users\buist\Documents\Repositories\solar-sim\Final Project\sample.cpp(1975,30): warning C4244: 'argument': conversion from 'double' to 'GLfloat', possible loss of data
sample.obj : warning LNK4075: ignoring '/EDITANDCONTINUE' due to '/INCREMENTAL:NO' specification
  Sample.vcxproj -> C:\Users\buist\Documents\Repositories\solar-sim\Final Project\Debug\Sample.exe
